<?xml version="1.0" encoding="UTF-8"?>
<!-- Generated by org.testng.reporters.JUnitXMLReporter -->
<testsuite ignored="0" hostname="DevendraS-130398" failures="0" tests="1" name="Test" time="0.081" errors="0" timestamp="21 Feb 2025 10:25:57 GMT">
  <testcase classname="com.crm.qa.testcases.CartMasterListingPageTest" name="@BeforeMethod setUp" time="0.057">
    <failure type="java.lang.IllegalStateException" message="The driver executable does not exist: D:\Selenium libraby\Sever Libarby\chromedriver_win32\chromedriver.exe">
      <![CDATA[java.lang.IllegalStateException: The driver executable does not exist: D:\Selenium libraby\Sever Libarby\chromedriver_win32\chromedriver.exe
	at com.google.common.base.Preconditions.checkState(Preconditions.java:585)
	at org.openqa.selenium.remote.service.DriverService.checkExecutable(DriverService.java:137)
	at org.openqa.selenium.remote.service.DriverService.findExecutable(DriverService.java:132)
	at org.openqa.selenium.chrome.ChromeDriverService.access$000(ChromeDriverService.java:35)
	at org.openqa.selenium.chrome.ChromeDriverService$Builder.findDefaultExecutable(ChromeDriverService.java:156)
	at org.openqa.selenium.remote.service.DriverService$Builder.build(DriverService.java:346)
	at org.openqa.selenium.chrome.ChromeDriverService.createDefaultService(ChromeDriverService.java:91)
	at org.openqa.selenium.chrome.ChromeDriver.<init>(ChromeDriver.java:123)
	at com.crm.qa.base.TestBase.initialization(TestBase.java:53)
	at com.crm.qa.testcases.CartMasterListingPageTest.setUp(CartMasterListingPageTest.java:70)
... Removed 27 stack frames]]>
    </failure>
  </testcase> <!-- @BeforeMethod setUp -->
  <testcase classname="com.crm.qa.testcases.CartMasterListingPageTest" name="SearchButton_with_FromDate_ToDate_Morethen90days" time="0.0">
    <skipped/>
  </testcase> <!-- SearchButton_with_FromDate_ToDate_Morethen90days -->
</testsuite> <!-- Test -->
